<?xml version="1.0" encoding="UTF-8"?>
<!-- Generated by org.testng.reporters.JUnitReportReporter -->
<testsuite skipped="0" hostname="LAPTOP-4QEVCKI3" name="Academy.ValidateTitleContact" tests="1" failures="0" timestamp="2020-05-29T17:37:14 IST" time="0.405" errors="0">
  <testcase name="basePageNavigation" time="0.405" classname="Academy.ValidateTitleContact"/>
  <system-out/>
</testsuite> <!-- Academy.ValidateTitleContact -->
